2019-05-20 10:30:28 0 [Note] InnoDB: Mutexes and rw_locks use Windows interlocked functions
2019-05-20 10:30:28 0 [Note] InnoDB: Uses event mutexes
2019-05-20 10:30:28 0 [Note] InnoDB: Compressed tables use zlib 1.2.11
2019-05-20 10:30:28 0 [Note] InnoDB: Number of pools: 1
2019-05-20 10:30:28 0 [Note] InnoDB: Using SSE2 crc32 instructions
2019-05-20 10:30:28 0 [Note] InnoDB: Initializing buffer pool, total size = 128M, instances = 1, chunk size = 128M
2019-05-20 10:30:28 0 [Note] InnoDB: Completed initialization of buffer pool
2019-05-20 10:30:29 0 [Note] InnoDB: 128 out of 128 rollback segments are active.
2019-05-20 10:30:29 0 [Note] InnoDB: Creating shared tablespace for temporary tables
2019-05-20 10:30:29 0 [Note] InnoDB: Setting file '.\ibtmp1' size to 12 MB. Physically writing the file full; Please wait ...
2019-05-20 10:30:29 0 [Note] InnoDB: File '.\ibtmp1' size is now 12 MB.
2019-05-20 10:30:29 0 [Note] InnoDB: Waiting for purge to start
2019-05-20 10:30:30 0 [Note] InnoDB: 10.3.14 started; log sequence number 1631253; transaction id 21
2019-05-20 10:30:30 0 [Note] InnoDB: Loading buffer pool(s) from D:\mysql\data\ib_buffer_pool
2019-05-20 10:30:30 0 [Note] Plugin 'FEEDBACK' is disabled.
2019-05-20 10:30:30 0 [Note] InnoDB: Buffer pool(s) load completed at 190520 10:30:30
2019-05-20 10:30:30 0 [Note] Server socket created on IP: '::'.
2019-05-20 11:23:54 0 [Note] InnoDB: Mutexes and rw_locks use Windows interlocked functions
2019-05-20 11:23:54 0 [Note] InnoDB: Uses event mutexes
2019-05-20 11:23:54 0 [Note] InnoDB: Compressed tables use zlib 1.2.11
2019-05-20 11:23:54 0 [Note] InnoDB: Number of pools: 1
2019-05-20 11:23:54 0 [Note] InnoDB: Using SSE2 crc32 instructions
2019-05-20 11:23:54 0 [Note] InnoDB: Initializing buffer pool, total size = 128M, instances = 1, chunk size = 128M
2019-05-20 11:23:54 0 [Note] InnoDB: Completed initialization of buffer pool
2019-05-20 11:23:54 0 [Note] InnoDB: Starting crash recovery from checkpoint LSN=1789714
2019-05-20 11:23:54 0 [Note] InnoDB: Last binlog file '.\mysql-bin.000002', position 15314
2019-05-20 11:23:55 0 [Note] InnoDB: 128 out of 128 rollback segments are active.
2019-05-20 11:23:55 0 [Note] InnoDB: Removed temporary tablespace data file: "ibtmp1"
2019-05-20 11:23:55 0 [Note] InnoDB: Creating shared tablespace for temporary tables
2019-05-20 11:23:55 0 [Note] InnoDB: Setting file '.\ibtmp1' size to 12 MB. Physically writing the file full; Please wait ...
2019-05-20 11:23:55 0 [Note] InnoDB: File '.\ibtmp1' size is now 12 MB.
2019-05-20 11:23:55 0 [Note] InnoDB: Waiting for purge to start
2019-05-20 11:23:55 0 [Note] InnoDB: 10.3.14 started; log sequence number 1789723; transaction id 145
2019-05-20 11:23:55 0 [Note] InnoDB: Loading buffer pool(s) from C:\Users\Stephane\Downloads\Compressed\phpdesktop-chrome-57.0-rc-php-7.1.3\mysql\data\ib_buffer_pool
2019-05-20 11:23:55 0 [Note] Plugin 'FEEDBACK' is disabled.
2019-05-20 11:23:55 0 [Note] Recovering after a crash using mysql-bin
2019-05-20 11:23:55 0 [Note] Starting crash recovery...
2019-05-20 11:23:55 0 [Note] InnoDB: Buffer pool(s) load completed at 190520 11:23:55
2019-05-20 11:23:55 0 [Note] Crash recovery finished.
2019-05-20 11:23:55 0 [Note] Server socket created on IP: '::'.
2019-05-20 11:29:40 0 [ERROR] InnoDB: The innodb_system data file 'ibdata1' must be writable
2019-05-20 11:29:40 0 [ERROR] InnoDB: The innodb_system data file 'ibdata1' must be writable
2019-05-20 11:29:40 0 [ERROR] Plugin 'InnoDB' init function returned error.
2019-05-20 11:29:40 0 [ERROR] Plugin 'InnoDB' registration as a STORAGE ENGINE failed.
2019-05-20 11:29:40 0 [Note] Plugin 'FEEDBACK' is disabled.
2019-05-20 11:29:40 0 [ERROR] Unknown/unsupported storage engine: InnoDB
2019-05-20 11:29:40 0 [ERROR] Aborting

2019-05-20 11:34:37 0 [ERROR] InnoDB: The innodb_system data file 'ibdata1' must be writable
2019-05-20 11:34:37 0 [ERROR] InnoDB: The innodb_system data file 'ibdata1' must be writable
2019-05-20 11:34:37 0 [ERROR] Plugin 'InnoDB' init function returned error.
2019-05-20 11:34:37 0 [ERROR] Plugin 'InnoDB' registration as a STORAGE ENGINE failed.
2019-05-20 11:34:37 0 [Note] Plugin 'FEEDBACK' is disabled.
2019-05-20 11:34:37 0 [ERROR] Unknown/unsupported storage engine: InnoDB
2019-05-20 11:34:37 0 [ERROR] Aborting

2019-05-20 12:41:28 0 [ERROR] InnoDB: The innodb_system data file 'ibdata1' must be writable
2019-05-20 12:41:28 0 [ERROR] InnoDB: The innodb_system data file 'ibdata1' must be writable
2019-05-20 12:41:28 0 [ERROR] Plugin 'InnoDB' init function returned error.
2019-05-20 12:41:28 0 [ERROR] Plugin 'InnoDB' registration as a STORAGE ENGINE failed.
2019-05-20 12:41:28 0 [Note] Plugin 'FEEDBACK' is disabled.
2019-05-20 12:41:28 0 [ERROR] Unknown/unsupported storage engine: InnoDB
2019-05-20 12:41:28 0 [ERROR] Aborting

2019-05-21 10:30:04 0 [Note] InnoDB: Mutexes and rw_locks use Windows interlocked functions
2019-05-21 10:30:04 0 [Note] InnoDB: Uses event mutexes
2019-05-21 10:30:04 0 [Note] InnoDB: Compressed tables use zlib 1.2.11
2019-05-21 10:30:04 0 [Note] InnoDB: Number of pools: 1
2019-05-21 10:30:04 0 [Note] InnoDB: Using SSE2 crc32 instructions
2019-05-21 10:30:04 0 [Note] InnoDB: Initializing buffer pool, total size = 128M, instances = 1, chunk size = 128M
2019-05-21 10:30:04 0 [Note] InnoDB: Completed initialization of buffer pool
2019-05-21 10:30:05 0 [Note] InnoDB: Starting crash recovery from checkpoint LSN=1839668
2019-05-21 10:30:05 0 [Note] InnoDB: Last binlog file '.\mysql-bin.000003', position 2813
2019-05-21 10:30:06 0 [Note] InnoDB: 128 out of 128 rollback segments are active.
2019-05-21 10:30:06 0 [Note] InnoDB: Removed temporary tablespace data file: "ibtmp1"
2019-05-21 10:30:06 0 [Note] InnoDB: Creating shared tablespace for temporary tables
2019-05-21 10:30:06 0 [Note] InnoDB: Setting file '.\ibtmp1' size to 12 MB. Physically writing the file full; Please wait ...
2019-05-21 10:30:06 0 [Note] InnoDB: File '.\ibtmp1' size is now 12 MB.
2019-05-21 10:30:06 0 [Note] InnoDB: Waiting for purge to start
2019-05-21 10:30:06 0 [Note] InnoDB: 10.3.14 started; log sequence number 1839677; transaction id 203
2019-05-21 10:30:06 0 [Note] InnoDB: Loading buffer pool(s) from D:\Now\pollen plus desktop\mysql\data\ib_buffer_pool
2019-05-21 10:30:06 0 [Note] InnoDB: Buffer pool(s) load completed at 190521 10:30:06
2019-05-21 10:30:06 0 [Note] Plugin 'FEEDBACK' is disabled.
2019-05-21 10:30:06 0 [Note] Recovering after a crash using mysql-bin
2019-05-21 10:30:06 0 [Note] Starting crash recovery...
2019-05-21 10:30:06 0 [Note] Crash recovery finished.
2019-05-21 10:30:06 0 [Note] Server socket created on IP: '::'.
2019-05-22 10:51:22 0 [Note] InnoDB: Mutexes and rw_locks use Windows interlocked functions
2019-05-22 10:51:22 0 [Note] InnoDB: Uses event mutexes
2019-05-22 10:51:22 0 [Note] InnoDB: Compressed tables use zlib 1.2.11
2019-05-22 10:51:22 0 [Note] InnoDB: Number of pools: 1
2019-05-22 10:51:22 0 [Note] InnoDB: Using SSE2 crc32 instructions
2019-05-22 10:51:22 0 [Note] InnoDB: Initializing buffer pool, total size = 128M, instances = 1, chunk size = 128M
2019-05-22 10:51:22 0 [Note] InnoDB: Completed initialization of buffer pool
2019-05-22 10:51:22 0 [Note] InnoDB: Starting crash recovery from checkpoint LSN=1839686
2019-05-22 10:51:22 0 [Note] InnoDB: Last binlog file '.\mysql-bin.000003', position 2813
2019-05-22 10:51:23 0 [Note] InnoDB: 128 out of 128 rollback segments are active.
2019-05-22 10:51:23 0 [Note] InnoDB: Removed temporary tablespace data file: "ibtmp1"
2019-05-22 10:51:23 0 [Note] InnoDB: Creating shared tablespace for temporary tables
2019-05-22 10:51:23 0 [Note] InnoDB: Setting file '.\ibtmp1' size to 12 MB. Physically writing the file full; Please wait ...
2019-05-22 10:51:23 0 [Note] InnoDB: File '.\ibtmp1' size is now 12 MB.
2019-05-22 10:51:23 0 [Note] InnoDB: Waiting for purge to start
2019-05-22 10:51:23 0 [Note] InnoDB: 10.3.14 started; log sequence number 1839695; transaction id 203
2019-05-22 10:51:23 0 [Note] InnoDB: Loading buffer pool(s) from D:\Now\pollen plus desktop\mysql\data\ib_buffer_pool
2019-05-22 10:51:23 0 [Note] InnoDB: Buffer pool(s) load completed at 190522 10:51:23
2019-05-22 10:51:23 0 [Note] Plugin 'FEEDBACK' is disabled.
2019-05-22 10:51:23 0 [Note] Recovering after a crash using mysql-bin
2019-05-22 10:51:23 0 [Note] Starting crash recovery...
2019-05-22 10:51:23 0 [Note] Crash recovery finished.
2019-05-22 10:51:23 0 [Note] Server socket created on IP: '::'.
2019-05-23  6:39:29 0 [ERROR] InnoDB: The innodb_system data file 'ibdata1' must be writable
2019-05-23  6:39:29 0 [ERROR] InnoDB: The innodb_system data file 'ibdata1' must be writable
2019-05-23  6:39:29 0 [ERROR] Plugin 'InnoDB' init function returned error.
2019-05-23  6:39:29 0 [ERROR] Plugin 'InnoDB' registration as a STORAGE ENGINE failed.
2019-05-23  6:39:29 0 [Note] Plugin 'FEEDBACK' is disabled.
2019-05-23  6:39:29 0 [ERROR] Unknown/unsupported storage engine: InnoDB
2019-05-23  6:39:29 0 [ERROR] Aborting

2019-05-27 12:15:09 0 [Note] InnoDB: Mutexes and rw_locks use Windows interlocked functions
2019-05-27 12:15:09 0 [Note] InnoDB: Uses event mutexes
2019-05-27 12:15:09 0 [Note] InnoDB: Compressed tables use zlib 1.2.11
2019-05-27 12:15:09 0 [Note] InnoDB: Number of pools: 1
2019-05-27 12:15:09 0 [Note] InnoDB: Using SSE2 crc32 instructions
2019-05-27 12:15:09 0 [Note] InnoDB: Initializing buffer pool, total size = 128M, instances = 1, chunk size = 128M
2019-05-27 12:15:09 0 [Note] InnoDB: Completed initialization of buffer pool
2019-05-27 12:15:09 0 [Note] InnoDB: Starting crash recovery from checkpoint LSN=1839704
2019-05-27 12:15:10 0 [Note] InnoDB: Last binlog file '.\mysql-bin.000003', position 2813
2019-05-27 12:15:11 0 [Note] InnoDB: 128 out of 128 rollback segments are active.
2019-05-27 12:15:11 0 [Note] InnoDB: Removed temporary tablespace data file: "ibtmp1"
2019-05-27 12:15:11 0 [Note] InnoDB: Creating shared tablespace for temporary tables
2019-05-27 12:15:11 0 [Note] InnoDB: Setting file '.\ibtmp1' size to 12 MB. Physically writing the file full; Please wait ...
2019-05-27 12:15:11 0 [Note] InnoDB: File '.\ibtmp1' size is now 12 MB.
2019-05-27 12:15:11 0 [Note] InnoDB: Waiting for purge to start
2019-05-27 12:15:11 0 [Note] InnoDB: 10.3.14 started; log sequence number 1839713; transaction id 203
2019-05-27 12:15:11 0 [Note] InnoDB: Loading buffer pool(s) from D:\Now\pollen plus desktop\mysql\data\ib_buffer_pool
2019-05-27 12:15:11 0 [Note] InnoDB: Buffer pool(s) load completed at 190527 12:15:11
2019-05-27 12:15:11 0 [Note] Plugin 'FEEDBACK' is disabled.
2019-05-27 12:15:11 0 [Note] Recovering after a crash using mysql-bin
2019-05-27 12:15:11 0 [Note] Starting crash recovery...
2019-05-27 12:15:11 0 [Note] Crash recovery finished.
2019-05-27 12:15:12 0 [Note] Server socket created on IP: '::'.
2019-06-13  9:05:17 0 [Note] InnoDB: Mutexes and rw_locks use Windows interlocked functions
2019-06-13  9:05:17 0 [Note] InnoDB: Uses event mutexes
2019-06-13  9:05:17 0 [Note] InnoDB: Compressed tables use zlib 1.2.11
2019-06-13  9:05:17 0 [Note] InnoDB: Number of pools: 1
2019-06-13  9:05:17 0 [Note] InnoDB: Using SSE2 crc32 instructions
2019-06-13  9:05:17 0 [Note] InnoDB: Initializing buffer pool, total size = 128M, instances = 1, chunk size = 128M
2019-06-13  9:05:17 0 [Note] InnoDB: Completed initialization of buffer pool
2019-06-13  9:05:18 0 [Note] InnoDB: Starting crash recovery from checkpoint LSN=1839722
2019-06-13  9:05:18 0 [Note] InnoDB: Last binlog file '.\mysql-bin.000003', position 2813
2019-06-13  9:05:18 0 [Note] InnoDB: 128 out of 128 rollback segments are active.
2019-06-13  9:05:18 0 [Note] InnoDB: Removed temporary tablespace data file: "ibtmp1"
2019-06-13  9:05:18 0 [Note] InnoDB: Creating shared tablespace for temporary tables
2019-06-13  9:05:18 0 [Note] InnoDB: Setting file '.\ibtmp1' size to 12 MB. Physically writing the file full; Please wait ...
2019-06-13  9:05:18 0 [Note] InnoDB: File '.\ibtmp1' size is now 12 MB.
2019-06-13  9:05:18 0 [Note] InnoDB: Waiting for purge to start
2019-06-13  9:05:18 0 [Note] InnoDB: 10.3.14 started; log sequence number 1839731; transaction id 203
2019-06-13  9:05:18 0 [Note] InnoDB: Loading buffer pool(s) from D:\Now\pollen plus desktop\mysql\data\ib_buffer_pool
2019-06-13  9:05:19 0 [Note] InnoDB: Buffer pool(s) load completed at 190613  9:05:19
2019-06-13  9:05:19 0 [Note] Plugin 'FEEDBACK' is disabled.
2019-06-13  9:05:19 0 [Note] Recovering after a crash using mysql-bin
2019-06-13  9:05:19 0 [Note] Starting crash recovery...
2019-06-13  9:05:19 0 [Note] Crash recovery finished.
2019-06-13  9:05:19 0 [Note] Server socket created on IP: '::'.
2019-06-13  9:38:20 0 [ERROR] InnoDB: The innodb_system data file 'ibdata1' must be writable
2019-06-13  9:38:20 0 [ERROR] InnoDB: The innodb_system data file 'ibdata1' must be writable
2019-06-13  9:38:20 0 [ERROR] Plugin 'InnoDB' init function returned error.
2019-06-13  9:38:20 0 [ERROR] Plugin 'InnoDB' registration as a STORAGE ENGINE failed.
2019-06-13  9:38:20 0 [Note] Plugin 'FEEDBACK' is disabled.
2019-06-13  9:38:20 0 [ERROR] Unknown/unsupported storage engine: InnoDB
2019-06-13  9:38:20 0 [ERROR] Aborting

2019-06-21 15:46:29 0 [Note] InnoDB: Mutexes and rw_locks use Windows interlocked functions
2019-06-21 15:46:29 0 [Note] InnoDB: Uses event mutexes
2019-06-21 15:46:29 0 [Note] InnoDB: Compressed tables use zlib 1.2.11
2019-06-21 15:46:29 0 [Note] InnoDB: Number of pools: 1
2019-06-21 15:46:29 0 [Note] InnoDB: Using SSE2 crc32 instructions
2019-06-21 15:46:29 0 [Note] InnoDB: Initializing buffer pool, total size = 128M, instances = 1, chunk size = 128M
2019-06-21 15:46:29 0 [Note] InnoDB: Completed initialization of buffer pool
2019-06-21 15:46:29 0 [Note] InnoDB: Starting crash recovery from checkpoint LSN=1845072
2019-06-21 15:46:30 0 [Note] InnoDB: Last binlog file '.\mysql-bin.000003', position 2813
2019-06-21 15:46:30 0 [Note] InnoDB: 128 out of 128 rollback segments are active.
2019-06-21 15:46:30 0 [Note] InnoDB: Removed temporary tablespace data file: "ibtmp1"
2019-06-21 15:46:30 0 [Note] InnoDB: Creating shared tablespace for temporary tables
2019-06-21 15:46:30 0 [Note] InnoDB: Setting file '.\ibtmp1' size to 12 MB. Physically writing the file full; Please wait ...
2019-06-21 15:46:30 0 [Note] InnoDB: File '.\ibtmp1' size is now 12 MB.
2019-06-21 15:46:30 0 [Note] InnoDB: Waiting for purge to start
2019-06-21 15:46:30 0 [Note] InnoDB: 10.3.14 started; log sequence number 1845081; transaction id 221
2019-06-21 15:46:30 0 [Note] InnoDB: Loading buffer pool(s) from D:\Now\pollen plus desktop\mysql\data\ib_buffer_pool
2019-06-21 15:46:30 0 [Note] InnoDB: Buffer pool(s) load completed at 190621 15:46:30
2019-06-21 15:46:30 0 [Note] Plugin 'FEEDBACK' is disabled.
2019-06-21 15:46:30 0 [Note] Recovering after a crash using mysql-bin
2019-06-21 15:46:30 0 [Note] Starting crash recovery...
2019-06-21 15:46:30 0 [Note] Crash recovery finished.
2019-06-21 15:46:31 0 [Note] Server socket created on IP: '::'.
2019-06-21 16:08:30 0 [Note] InnoDB: Mutexes and rw_locks use Windows interlocked functions
2019-06-21 16:08:30 0 [Note] InnoDB: Uses event mutexes
2019-06-21 16:08:30 0 [Note] InnoDB: Compressed tables use zlib 1.2.11
2019-06-21 16:08:30 0 [Note] InnoDB: Number of pools: 1
2019-06-21 16:08:30 0 [Note] InnoDB: Using SSE2 crc32 instructions
2019-06-21 16:08:30 0 [Note] InnoDB: Initializing buffer pool, total size = 128M, instances = 1, chunk size = 128M
2019-06-21 16:08:30 0 [Note] InnoDB: Completed initialization of buffer pool
2019-06-21 16:08:30 0 [Note] InnoDB: Starting crash recovery from checkpoint LSN=1845936
2019-06-21 16:08:32 0 [Note] InnoDB: Last binlog file '.\mysql-bin.000008', position 864
2019-06-21 16:08:33 0 [Note] InnoDB: 128 out of 128 rollback segments are active.
2019-06-21 16:08:33 0 [Note] InnoDB: Removed temporary tablespace data file: "ibtmp1"
2019-06-21 16:08:33 0 [Note] InnoDB: Creating shared tablespace for temporary tables
2019-06-21 16:08:33 0 [Note] InnoDB: Setting file '.\ibtmp1' size to 12 MB. Physically writing the file full; Please wait ...
2019-06-21 16:08:33 0 [Note] InnoDB: File '.\ibtmp1' size is now 12 MB.
2019-06-21 16:08:33 0 [Note] InnoDB: Waiting for purge to start
2019-06-21 16:08:33 0 [Note] InnoDB: 10.3.14 started; log sequence number 1845945; transaction id 232
2019-06-21 16:08:33 0 [Note] InnoDB: Loading buffer pool(s) from D:\Now\pollen plus desktop\mysql\data\ib_buffer_pool
2019-06-21 16:08:33 0 [Note] Plugin 'FEEDBACK' is disabled.
2019-06-21 16:08:33 0 [Note] Recovering after a crash using mysql-bin
2019-06-21 16:08:33 0 [Note] Starting crash recovery...
2019-06-21 16:08:33 0 [Note] Crash recovery finished.
2019-06-21 16:08:33 0 [Note] InnoDB: Buffer pool(s) load completed at 190621 16:08:33
2019-06-21 16:08:33 0 [Note] Server socket created on IP: '::'.
2019-06-21 16:08:33 0 [ERROR] Can't start server: Bind on TCP/IP port. Got error: 10048: Une seule utilisation de chaque adresse de socket (protocole/adresse réseau/port) est habituellement autorisée.

2019-06-21 16:08:33 0 [ERROR] Do you already have another mysqld server running on port: 3310 ?
2019-06-21 16:08:33 0 [ERROR] Aborting

2019-07-22 18:22:46 0 [Note] InnoDB: Mutexes and rw_locks use Windows interlocked functions
2019-07-22 18:22:46 0 [Note] InnoDB: Uses event mutexes
2019-07-22 18:22:46 0 [Note] InnoDB: Compressed tables use zlib 1.2.11
2019-07-22 18:22:46 0 [Note] InnoDB: Number of pools: 1
2019-07-22 18:22:47 0 [Note] InnoDB: Using SSE2 crc32 instructions
2019-07-22 18:22:47 0 [Note] InnoDB: Initializing buffer pool, total size = 128M, instances = 1, chunk size = 128M
2019-07-22 18:22:47 0 [Note] InnoDB: Completed initialization of buffer pool
2019-07-22 18:22:47 0 [Note] InnoDB: 128 out of 128 rollback segments are active.
2019-07-22 18:22:47 0 [Note] InnoDB: Creating shared tablespace for temporary tables
2019-07-22 18:22:47 0 [Note] InnoDB: Setting file '.\ibtmp1' size to 12 MB. Physically writing the file full; Please wait ...
2019-07-22 18:22:47 0 [Note] InnoDB: File '.\ibtmp1' size is now 12 MB.
2019-07-22 18:22:47 0 [Note] InnoDB: Waiting for purge to start
2019-07-22 18:22:47 0 [Note] InnoDB: 10.3.14 started; log sequence number 1845954; transaction id 232
2019-07-22 18:22:47 0 [Note] InnoDB: Loading buffer pool(s) from D:\PROJETS\DESKTOP\pollen plus desktop\mysql\data\ib_buffer_pool
2019-07-22 18:22:47 0 [Note] Plugin 'FEEDBACK' is disabled.
2019-07-22 18:22:48 0 [Note] InnoDB: Buffer pool(s) load completed at 190722 18:22:48
2019-07-22 18:22:48 0 [Note] Server socket created on IP: '::'.
2019-07-22 18:23:08 0 [ERROR] InnoDB: The innodb_system data file 'ibdata1' must be writable
2019-07-22 18:23:08 0 [ERROR] InnoDB: The innodb_system data file 'ibdata1' must be writable
2019-07-22 18:23:08 0 [ERROR] Plugin 'InnoDB' init function returned error.
2019-07-22 18:23:08 0 [ERROR] Plugin 'InnoDB' registration as a STORAGE ENGINE failed.
2019-07-22 18:23:08 0 [Note] Plugin 'FEEDBACK' is disabled.
2019-07-22 18:23:08 0 [ERROR] Unknown/unsupported storage engine: InnoDB
2019-07-22 18:23:08 0 [ERROR] Aborting

2019-07-22 18:23:28 0 [ERROR] InnoDB: The innodb_system data file 'ibdata1' must be writable
2019-07-22 18:23:28 0 [ERROR] InnoDB: The innodb_system data file 'ibdata1' must be writable
2019-07-22 18:23:28 0 [ERROR] Plugin 'InnoDB' init function returned error.
2019-07-22 18:23:28 0 [ERROR] Plugin 'InnoDB' registration as a STORAGE ENGINE failed.
2019-07-22 18:23:28 0 [Note] Plugin 'FEEDBACK' is disabled.
2019-07-22 18:23:28 0 [ERROR] Unknown/unsupported storage engine: InnoDB
2019-07-22 18:23:28 0 [ERROR] Aborting

